#
# There is insufficient memory for the Java Runtime Environment to continue.
# Native memory allocation (mmap) failed to map 132120576 bytes for G1 virtual space
# Possible reasons:
#   The system is out of physical RAM or swap space
#   The process is running with CompressedOops enabled, and the Java Heap may be blocking the growth of the native heap
# Possible solutions:
#   Reduce memory load on the system
#   Increase physical memory or swap space
#   Check if swap backing store is full
#   Decrease Java heap size (-Xmx/-Xms)
#   Decrease number of Java threads
#   Decrease Java thread stack sizes (-Xss)
#   Set larger code cache with -XX:ReservedCodeCacheSize=
#   JVM is running with Unscaled Compressed Oops mode in which the Java heap is
#     placed in the first 4GB address space. The Java Heap base address is the
#     maximum limit for the native heap growth. Please use -XX:HeapBaseMinAddress
#     to set the Java Heap base and to place the Java Heap above 4GB virtual address.
# This output file may be truncated or incomplete.
#
#  Out of Memory Error (os_windows.cpp:3550), pid=15076, tid=9552
#
# JRE version:  (17.0.7+8) (build )
# Java VM: Java HotSpot(TM) 64-Bit Server VM (17.0.7+8-LTS-224, mixed mode, sharing, tiered, compressed oops, compressed class ptrs, g1 gc, windows-amd64)
# No core dump will be written. Minidumps are not enabled by default on client versions of Windows
#

---------------  S U M M A R Y ------------

Command Line: org.jetbrains.kotlin.cli.jvm.K2JVMCompiler @D:\PlayPal-Mob\PlayPal\node_modules\react-native-gesture-handler\android\build\20231223_2965984954402999989.compiler.options

Host: Intel(R) Core(TM) i5-6200U CPU @ 2.30GHz, 4 cores, 7G,  Windows 10 , 64 bit Build 19041 (10.0.19041.3636)
Time: Sat Dec 23 21:32:00 2023 Pakistan Standard Time elapsed time: 0.030805 seconds (0d 0h 0m 0s)

---------------  T H R E A D  ---------------

Current thread (0x000001f931535ab0):  JavaThread "Unknown thread" [_thread_in_vm, id=9552, stack(0x000000aca7700000,0x000000aca7800000)]

Stack: [0x000000aca7700000,0x000000aca7800000]
Native frames: (J=compiled Java code, j=interpreted, Vv=VM code, C=native code)
V  [jvm.dll+0x676a4a]
V  [jvm.dll+0x7d74f4]
V  [jvm.dll+0x7d8c9e]
V  [jvm.dll+0x7d9303]
V  [jvm.dll+0x2452c5]
V  [jvm.dll+0x6738f9]
V  [jvm.dll+0x668232]
V  [jvm.dll+0x302826]
V  [jvm.dll+0x309da6]
V  [jvm.dll+0x35952e]
V  [jvm.dll+0x35975f]
V  [jvm.dll+0x2d9a38]
V  [jvm.dll+0x2da9a4]
V  [jvm.dll+0x7a8fb1]
V  [jvm.dll+0x3670e1]
V  [jvm.dll+0x788359]
V  [jvm.dll+0x3ea5ef]
V  [jvm.dll+0x3ec071]
C  [jli.dll+0x5297]
C  [ucrtbase.dll+0x21bb2]
C  [KERNEL32.DLL+0x17344]
C  [ntdll.dll+0x526b1]


---------------  P R O C E S S  ---------------

Threads class SMR info:
_java_thread_list=0x00007ffc96b34998, length=0, elements={
}

Java Threads: ( => current thread )

Other Threads:
  0x000001f93158e8c0 GCTaskThread "GC Thread#0" [stack: 0x000000aca7800000,0x000000aca7900000] [id=10644]
  0x000001f9315a0390 ConcurrentGCThread "G1 Main Marker" [stack: 0x000000aca7900000,0x000000aca7a00000] [id=6932]
  0x000001f9315a0da0 ConcurrentGCThread "G1 Conc#0" [stack: 0x000000aca7a00000,0x000000aca7b00000] [id=7008]

[error occurred during error reporting (printing all threads), id 0xc0000005, EXCEPTION_ACCESS_VIOLATION (0xc0000005) at pc=0x00007ffc9636a697]

VM state: not at safepoint (not fully initialized)

VM Mutex/Monitor currently owned by a thread:  ([mutex/lock_event])
[0x000001f9315316c0] Heap_lock - owner thread: 0x000001f931535ab0

Heap address: 0x0000000082400000, size: 2012 MB, Compressed Oops mode: 32-bit

CDS archive(s) mapped at: [0x0000000000000000-0x0000000000000000-0x0000000000000000), size 0, SharedBaseAddress: 0x0000000800000000, ArchiveRelocationMode: 0.
Narrow klass base: 0x0000000000000000, Narrow klass shift: 0, Narrow klass range: 0x0

GC Precious Log:
<Empty>

Heap:
 garbage-first heap   total 0K, used 0K [0x0000000082400000, 0x0000000100000000)
  region size 1024K, 0 young (0K), 0 survivors (0K)

[error occurred during error reporting (printing heap information), id 0xc0000005, EXCEPTION_ACCESS_VIOLATION (0xc0000005) at pc=0x00007ffc967500b9]

GC Heap History (0 events):
No events

Deoptimization events (0 events):
No events

Classes unloaded (0 events):
No events

Classes redefined (0 events):
No events

Internal exceptions (0 events):
No events

VM Operations (0 events):
No events

Events (1 events):
Event: 0.025 Loaded shared library C:\Program Files\Java\jdk-17\bin\java.dll


Dynamic libraries:
0x00007ff7d1fb0000 - 0x00007ff7d1fc0000 	C:\Program Files\Java\jdk-17\bin\java.exe
0x00007ffcd3c50000 - 0x00007ffcd3e48000 	C:\Windows\SYSTEM32\ntdll.dll
0x00007ffcd2b60000 - 0x00007ffcd2c1d000 	C:\Windows\System32\KERNEL32.DLL
0x00007ffcd1330000 - 0x00007ffcd1626000 	C:\Windows\System32\KERNELBASE.dll
0x00007ffcd1b80000 - 0x00007ffcd1c80000 	C:\Windows\System32\ucrtbase.dll
0x00007ffcb78b0000 - 0x00007ffcb78c9000 	C:\Program Files\Java\jdk-17\bin\jli.dll
0x00007ffcd2c20000 - 0x00007ffcd2ccf000 	C:\Windows\System32\ADVAPI32.dll
0x00007ffcd2d50000 - 0x00007ffcd2dee000 	C:\Windows\System32\msvcrt.dll
0x00007ffcd3b70000 - 0x00007ffcd3c0c000 	C:\Windows\System32\sechost.dll
0x00007ffcd2a30000 - 0x00007ffcd2b56000 	C:\Windows\System32\RPCRT4.dll
0x00007ffcd2050000 - 0x00007ffcd21ee000 	C:\Windows\System32\USER32.dll
0x00007ffcd1b00000 - 0x00007ffcd1b22000 	C:\Windows\System32\win32u.dll
0x00007ffcd29a0000 - 0x00007ffcd29cc000 	C:\Windows\System32\GDI32.dll
0x00007ffcd1630000 - 0x00007ffcd174a000 	C:\Windows\System32\gdi32full.dll
0x00007ffcd1750000 - 0x00007ffcd17ed000 	C:\Windows\System32\msvcp_win.dll
0x00007ffcc10f0000 - 0x00007ffcc138a000 	C:\Windows\WinSxS\amd64_microsoft.windows.common-controls_6595b64144ccf1df_6.0.19041.3636_none_60b6a03d71f818d5\COMCTL32.dll
0x00007ffcbea10000 - 0x00007ffcbea1a000 	C:\Windows\SYSTEM32\VERSION.dll
0x00007ffcb7890000 - 0x00007ffcb78ab000 	C:\Program Files\Java\jdk-17\bin\VCRUNTIME140.dll
0x00007ffcd1cc0000 - 0x00007ffcd1cf0000 	C:\Windows\System32\IMM32.DLL
0x00007ffcbbdf0000 - 0x00007ffcbbdfc000 	C:\Program Files\Java\jdk-17\bin\vcruntime140_1.dll
0x00007ffca55a0000 - 0x00007ffca562e000 	C:\Program Files\Java\jdk-17\bin\msvcp140.dll
0x00007ffc96080000 - 0x00007ffc96c5d000 	C:\Program Files\Java\jdk-17\bin\server\jvm.dll
0x00007ffcd1cb0000 - 0x00007ffcd1cb8000 	C:\Windows\System32\PSAPI.DLL
0x00007ffcc7930000 - 0x00007ffcc7939000 	C:\Windows\SYSTEM32\WSOCK32.dll
0x00007ffcd2ce0000 - 0x00007ffcd2d4b000 	C:\Windows\System32\WS2_32.dll
0x00007ffcba450000 - 0x00007ffcba477000 	C:\Windows\SYSTEM32\WINMM.dll
0x00007ffccfb80000 - 0x00007ffccfb92000 	C:\Windows\SYSTEM32\kernel.appcore.dll
0x00007ffcbbd70000 - 0x00007ffcbbd7a000 	C:\Program Files\Java\jdk-17\bin\jimage.dll
0x00007ffcb4c90000 - 0x00007ffcb4e74000 	C:\Windows\SYSTEM32\DBGHELP.DLL
0x00007ffcb4c50000 - 0x00007ffcb4c84000 	C:\Windows\SYSTEM32\dbgcore.DLL
0x00007ffcd17f0000 - 0x00007ffcd1872000 	C:\Windows\System32\bcryptPrimitives.dll
0x00007ffcb7860000 - 0x00007ffcb7885000 	C:\Program Files\Java\jdk-17\bin\java.dll

dbghelp: loaded successfully - version: 4.0.5 - missing functions: none
symbol engine: initialized successfully - sym options: 0x614 - pdb path: .;C:\Program Files\Java\jdk-17\bin;C:\Windows\SYSTEM32;C:\Windows\WinSxS\amd64_microsoft.windows.common-controls_6595b64144ccf1df_6.0.19041.3636_none_60b6a03d71f818d5;C:\Program Files\Java\jdk-17\bin\server

VM Arguments:
java_command: org.jetbrains.kotlin.cli.jvm.K2JVMCompiler @D:\PlayPal-Mob\PlayPal\node_modules\react-native-gesture-handler\android\build\20231223_2965984954402999989.compiler.options
java_class_path (initial): C:\Users\Husnain\.gradle\caches\modules-2\files-2.1\org.jetbrains.kotlin\kotlin-compiler-embeddable\1.6.21\97bdd5a752ce73b58ef16c17bc7f0ea2faff7a2e\kotlin-compiler-embeddable-1.6.21.jar;C:\Users\Husnain\.gradle\caches\modules-2\files-2.1\org.jetbrains.kotlin\kotlin-reflect\1.6.21\5dc3574d9b7bebfcb4ec6b10ada4aaa9e140bd0b\kotlin-reflect-1.6.21.jar;C:\Users\Husnain\.gradle\caches\modules-2\files-2.1\org.jetbrains.kotlin\kotlin-stdlib\1.6.21\11ef67f1900634fd951bad28c53ec957fabbe5b8\kotlin-stdlib-1.6.21.jar;C:\Users\Husnain\.gradle\caches\modules-2\files-2.1\org.jetbrains.kotlin\kotlin-script-runtime\1.6.21\99c6675100da5d6d5b1c5a1032f27f28008d101b\kotlin-script-runtime-1.6.21.jar;C:\Users\Husnain\.gradle\caches\modules-2\files-2.1\org.jetbrains.kotlin\kotlin-daemon-embeddable\1.6.21\46b78cf392e1c4f10854c3cadba44abb7b82250f\kotlin-daemon-embeddable-1.6.21.jar;C:\Users\Husnain\.gradle\caches\modules-2\files-2.1\org.jetbrains.intellij.deps\trove4j\1.0.20200330\3afb14d5f9ceb459d724e907a21145e8ff394f02\trove4j-1.0.20200330.jar;C:\Users\Husnain\.gradle\caches\modules-2\files-2.1\net.java.dev.jna\jna\5.6.0\330f2244e9030119ab3030fc3fededc86713d9cc\jna-5.6.0.jar;C:\Users\Husnain\.gradle\caches\modules-2\files-2.1\org.jetbrains.kotlin\kotlin-stdlib-common\1.6.21\5e5b55c26dbc80372a920aef60eb774b714559b8\kotlin-stdlib-common-1.6.21.jar;C:\Users\Husnain\.gradle\caches\modules-2\files-2.1\org.jetbrains\annotations\13.0\919f0dfe192fb4e063e7dacadee7f8bb9a2672a9\annotations-13.0.jar
Launcher Type: SUN_STANDARD

[Global flags]
     intx CICompilerCount                          = 3                                         {product} {ergonomic}
     uint ConcGCThreads                            = 1                                         {product} {ergonomic}
     uint G1ConcRefinementThreads                  = 4                                         {product} {ergonomic}
   size_t G1HeapRegionSize                         = 1048576                                   {product} {ergonomic}
    uintx GCDrainStackTargetSize                   = 64                                        {product} {ergonomic}
   size_t InitialHeapSize                          = 132120576                                 {product} {ergonomic}
   size_t MarkStackSize                            = 4194304                                   {product} {ergonomic}
   size_t MaxHeapSize                              = 2109734912                                {product} {ergonomic}
   size_t MinHeapDeltaBytes                        = 1048576                                   {product} {ergonomic}
   size_t MinHeapSize                              = 8388608                                   {product} {ergonomic}
    uintx NonNMethodCodeHeapSize                   = 5832780                                {pd product} {ergonomic}
    uintx NonProfiledCodeHeapSize                  = 122912730                              {pd product} {ergonomic}
    uintx ProfiledCodeHeapSize                     = 122912730                              {pd product} {ergonomic}
    uintx ReservedCodeCacheSize                    = 251658240                              {pd product} {ergonomic}
     bool SegmentedCodeCache                       = true                                      {product} {ergonomic}
   size_t SoftMaxHeapSize                          = 2109734912                             {manageable} {ergonomic}
     bool UseCompressedClassPointers               = true                           {product lp64_product} {ergonomic}
     bool UseCompressedOops                        = true                           {product lp64_product} {ergonomic}
     bool UseG1GC                                  = true                                      {product} {ergonomic}
     bool UseLargePagesIndividualAllocation        = false                                  {pd product} {ergonomic}

Logging:
Log output configuration:
 #0: stdout all=warning uptime,level,tags
 #1: stderr all=off uptime,level,tags

Environment Variables:
JAVA_HOME=C:\Program Files\Java\jdk-17
CLASSPATH=D:\PlayPal-Mob\PlayPal\android\\gradle\wrapper\gradle-wrapper.jar
PATH=D:\PlayPal-Mob\PlayPal\android\node_modules\.bin;D:\PlayPal-Mob\PlayPal\node_modules\.bin;D:\PlayPal-Mob\node_modules\.bin;D:\node_modules\.bin;C:\Program Files\nodejs;D:\PlayPal-Mob\PlayPal\node_modules\.bin;D:\PlayPal-Mob\PlayPal\node_modules\.bin;D:\PlayPal-Mob\node_modules\.bin;D:\node_modules\.bin;C:\Program Files\nodejs\node_modules\npm\node_modules\@npmcli\run-script\lib\node-gyp-bin;C:\Program Files\Common Files\Oracle\Java\javapath;C:\Windows\system32;C:\Windows;C:\Windows\System32\Wbem;C:\Windows\System32\WindowsPowerShell\v1.0\;C:\Windows\System32\OpenSSH\;C:\Program Files\nodejs\;C:\ProgramData\chocolatey\bin;C:\Program Files\Git\cmd;C:\Users\Husnain\AppData\Local\Android\Sdk\platform-tools;C:\Program Files\Java\jdk-17\bin;C:\msys64\mingw64\bin;C:\Users\Husnain\AppData\Local\Microsoft\WindowsApps;C:\Users\Husnain\AppData\Roaming\npm;C:\Users\Husnain\AppData\Local\GitHubDesktop\bin;C:\Users\Husnain\AppData\Local\Programs\Microsoft VS Code\bin
USERNAME=Husnain
LANG=en_US.UTF-8
OS=Windows_NT
PROCESSOR_IDENTIFIER=Intel64 Family 6 Model 78 Stepping 3, GenuineIntel



---------------  S Y S T E M  ---------------

OS:
 Windows 10 , 64 bit Build 19041 (10.0.19041.3636)
OS uptime: 1 days 5:20 hours

CPU: total 4 (initial active 4) (2 cores per cpu, 2 threads per core) family 6 model 78 stepping 3 microcode 0xcc, cx8, cmov, fxsr, ht, mmx, 3dnowpref, sse, sse2, sse3, ssse3, sse4.1, sse4.2, popcnt, lzcnt, tsc, tscinvbit, avx, avx2, aes, erms, clmul, bmi1, bmi2, adx, fma, vzeroupper, clflush, clflushopt

Memory: 4k page, system-wide physical 8044M (261M free)
TotalPageFile size 20139M (AvailPageFile size 113M)
current process WorkingSet (physical memory assigned to process): 10M, peak: 10M
current process commit charge ("private bytes"): 51M, peak: 177M

vm_info: Java HotSpot(TM) 64-Bit Server VM (17.0.7+8-LTS-224) for windows-amd64 JRE (17.0.7+8-LTS-224), built on Feb 28 2023 23:03:02 by "mach5one" with MS VC++ 17.1 (VS2022)

END.
